nohup: failed to run command '/www/wwwroot/easywms.io.vn/python_chatbot/48ac1da51167a4b4eb33104d6bb08b24_venv/bin/gunicorn': No such file or directory
nohup: failed to run command '/www/wwwroot/easywms.io.vn/python_chatbot/48ac1da51167a4b4eb33104d6bb08b24_venv/bin/gunicorn': No such file or directory
nohup: failed to run command '/www/wwwroot/easywms.io.vn/python_chatbot/48ac1da51167a4b4eb33104d6bb08b24_venv/bin/gunicorn': No such file or directory
nohup: failed to run command '/www/wwwroot/easywms.io.vn/python_chatbot/e29dc4465ba07edde68ca1309d51da58_venv/bin/gunicorn': No such file or directory
nohup: failed to run command '/www/wwwroot/easywms.io.vn/python_chatbot/e29dc4465ba07edde68ca1309d51da58_venv/bin/gunicorn': No such file or directory
nohup: failed to run command '/www/wwwroot/easywms.io.vn/python_chatbot/e29dc4465ba07edde68ca1309d51da58_venv/bin/gunicorn': No such file or directory
nohup: failed to run command '/www/wwwroot/easywms.io.vn/python_chatbot/7c1bb21e29063841c8d088155d2cdac4_venv/bin/gunicorn': No such file or directory
nohup: failed to run command '/www/wwwroot/easywms.io.vn/python_chatbot/7c1bb21e29063841c8d088155d2cdac4_venv/bin/gunicorn': No such file or directory
nohup: failed to run command '/www/wwwroot/easywms.io.vn/python_chatbot/7c1bb21e29063841c8d088155d2cdac4_venv/bin/gunicorn': No such file or directory
nohup: failed to run command '/www/wwwroot/easywms.io.vn/python_chatbot/7c1bb21e29063841c8d088155d2cdac4_venv/bin/gunicorn': No such file or directory
nohup: failed to run command '/www/wwwroot/easywms.io.vn/python_chatbot/7c1bb21e29063841c8d088155d2cdac4_venv/bin/gunicorn': No such file or directory
nohup: failed to run command '/www/wwwroot/easywms.io.vn/python_chatbot/48ac1da51167a4b4eb33104d6bb08b24_venv/bin/gunicorn': No such file or directory
nohup: failed to run command '/www/wwwroot/easywms.io.vn/python_chatbot/48ac1da51167a4b4eb33104d6bb08b24_venv/bin/gunicorn': No such file or directory
nohup: failed to run command '/www/wwwroot/easywms.io.vn/python_chatbot/48ac1da51167a4b4eb33104d6bb08b24_venv/bin/gunicorn': No such file or directory
nohup: failed to run command '/www/wwwroot/easywms.io.vn/python_chatbot/48ac1da51167a4b4eb33104d6bb08b24_venv/bin/gunicorn': No such file or directory
nohup: failed to run command '/www/wwwroot/easywms.io.vn/python_chatbot/48ac1da51167a4b4eb33104d6bb08b24_venv/bin/gunicorn': No such file or directory
nohup: failed to run command '/www/wwwroot/easywms.io.vn/python_chatbot/48ac1da51167a4b4eb33104d6bb08b24_venv/bin/gunicorn': No such file or directory
Warning: You are sending unauthenticated requests to the HF Hub. Please set a HF_TOKEN to enable higher rate limits and faster downloads.
⏳ Đang load Embedding Model (Lần đầu sẽ hơi lâu)...
Loading weights:   0%|          | 0/199 [00:00<?, ?it/s]Loading weights: 100%|██████████| 199/199 [00:00<00:00, 7719.32it/s]
[1mBertModel LOAD REPORT[0m from: sentence-transformers/paraphrase-multilingual-MiniLM-L12-v2
Key                     | Status     |  | 
------------------------+------------+--+-
embeddings.position_ids | UNEXPECTED |  | 

Notes:
- UNEXPECTED:	can be ignored when loading from different task/architecture; not ok if you expect identical arch.
